<?xml version="1.0"?>
<!--  Deprecated since 2023.9 -->
<component name="nuxeo.labs.utils.operations.test.blobs" version="1.0">
  <require>org.nuxeo.ecm.core.test.blobmanager</require>
  <extension target="org.nuxeo.ecm.core.blob.BlobManager" point="configuration">
    <blobprovider name="test">
      <class>org.nuxeo.ecm.core.blob.binary.DefaultBinaryManager</class>
    </blobprovider>
  </extension>
</component>
