<?xml version="1.0"?>
<component name="nuxeo.labs.utils.operations.test.videos" version="1.0">

  <extension target="org.nuxeo.ecm.core.work.service" point="queues">
    <queue id="videoConversion" queueing="true">
      <category>videoConversion</category>
    </queue>
  </extension>

  <!-- Disable WebM conversion -->
  <extension point="automaticVideoConversions" target="org.nuxeo.ecm.platform.video.service.VideoService">
    <automaticVideoConversion name="WebM 480p" order="10" enabled="false" />
  </extension>

  <extension target="org.nuxeo.ecm.platform.video.service.VideoService" point="videoConversions">
    <videoConversion name="Ogg 480p" converter="convertToOgg" height="480" rendition="true"
      enabled="false" />
  </extension>

</component>
